[0515/162014.675:ERROR:process_info.cc(329)] VirtualQueryEx: Access is denied. (0x5)
[0515/162014.675:ERROR:process_info.cc(556)] ReadMemoryInfo failed
[0515/162014.675:ERROR:process_memory_win.cc(39)] Failed to initialize ProcessInfo.
[0515/162014.675:ERROR:scoped_process_suspend.cc(40)] NtResumeProcess: An attempt was made to access an exiting process. (0xc000010a)
[0515/215314.846:ERROR:process_reader_win.cc(151)] SuspendThread: Access is denied. (0x5)
[0515/215314.844:ERROR:process_reader_win.cc(123)] NtOpenThread: {Access Denied} A process has requested access to an object, but has not been granted those access rights. (0xc0000022)
[0515/215314.851:ERROR:exception_snapshot_win.cc(98)] thread ID 11684 not found in process
[0515/215314.847:ERROR:process_reader_win.cc(123)] NtOpenThread: {Access Denied} A process has requested access to an object, but has not been granted those access rights. (0xc0000022)
[0515/215314.853:ERROR:exception_snapshot_win.cc(98)] thread ID 7676 not found in process
[0515/215314.867:ERROR:process_reader_win.cc(123)] NtOpenThread: {Access Denied} A process has requested access to an object, but has not been granted those access rights. (0xc0000022)
[0515/215314.867:ERROR:exception_snapshot_win.cc(98)] thread ID 6468 not found in process
[0515/215314.937:ERROR:process_reader_win.cc(123)] NtOpenThread: {Access Denied} A process has requested access to an object, but has not been granted those access rights. (0xc0000022)
[0515/215314.937:ERROR:exception_snapshot_win.cc(98)] thread ID 12280 not found in process
[0515/215316.333:ERROR:process_reader_win.cc(123)] NtOpenThread: {Access Denied} A process has requested access to an object, but has not been granted those access rights. (0xc0000022)
[0515/215316.333:ERROR:exception_snapshot_win.cc(98)] thread ID 11400 not found in process
[0515/215316.333:ERROR:process_reader_win.cc(123)] NtOpenThread: {Access Denied} A process has requested access to an object, but has not been granted those access rights. (0xc0000022)
[0515/215316.333:ERROR:exception_snapshot_win.cc(98)] thread ID 5752 not found in process
[0515/215316.348:ERROR:process_reader_win.cc(151)] SuspendThread: Access is denied. (0x5)
[0515/215316.348:ERROR:process_reader_win.cc(123)] NtOpenThread: {Access Denied} A process has requested access to an object, but has not been granted those access rights. (0xc0000022)
[0515/215316.348:ERROR:exception_snapshot_win.cc(98)] thread ID 3924 not found in process
[0515/215316.348:ERROR:process_reader_win.cc(151)] SuspendThread: Access is denied. (0x5)
[0515/215316.348:ERROR:process_reader_win.cc(123)] NtOpenThread: {Access Denied} A process has requested access to an object, but has not been granted those access rights. (0xc0000022)
[0515/215316.348:ERROR:exception_snapshot_win.cc(98)] thread ID 6212 not found in process
